app/seeds.txt
eyes.blue.TheoryPageView
eyes.blue.LamrimReaderActivity: LamrimReaderActivity()
eyes.blue.MediaControllerView: void setEnabled(boolean)
eyes.blue.TheoryPageView: TheoryPageView(android.content.Context,android.util.AttributeSet)
eyes.blue.MoveFileService: MoveFileService()
eyes.blue.modified.RegionableSeekBar: RegionableSeekBar(android.content.Context)
eyes.blue.modified.RegionableSeekBar: RegionableSeekBar(android.content.Context,android.util.AttributeSet,int)
eyes.blue.SpeechMenuActivity: SpeechMenuActivity()
eyes.blue.LamrimReaderActivity
eyes.blue.modified.MyHorizontalScrollView: MyHorizontalScrollView(android.content.Context,android.util.AttributeSet)
eyes.blue.modified.RegionableSeekBar: RegionableSeekBar(android.content.Context,android.util.AttributeSet)
eyes.blue.IntentActivity
eyes.blue.modified.MyHorizontalScrollView
eyes.blue.StorageManageActivity
eyes.blue.DownloadAllService
eyes.blue.TheoryPageView: void setText(java.lang.String)
eyes.blue.modified.MyListView
eyes.blue.modified.MyListView: void setOnDoubleTapEventListener(eyes.blue.modified.OnDoubleTapEventListener)
eyes.blue.DownloadAllService: DownloadAllService()
eyes.blue.TheoryPageView: TheoryPageView(android.content.Context)
eyes.blue.MediaControllerView: void setOnPinListener(android.view.View$OnClickListener)
eyes.blue.modified.MyListView: int[] getHighlightWord()
eyes.blue.AboutActivity
eyes.blue.FileDialogActivity: FileDialogActivity()
eyes.blue.modified.RegionableSeekBar: int[] getRegionValue()
eyes.blue.modified.MyHorizontalScrollView: MyHorizontalScrollView(android.content.Context,android.util.AttributeSet,int)
eyes.blue.MoveFileService
eyes.blue.FileDialogActivity
eyes.blue.MediaControllerView: void setClickable(boolean)
eyes.blue.TheoryPageView: TheoryPageView(android.content.Context,android.util.AttributeSet,int)
eyes.blue.ChangeLog$Listmode: eyes.blue.ChangeLog$Listmode[] values()
eyes.blue.modified.MyListView: MyListView(android.content.Context,android.util.AttributeSet,int)
eyes.blue.DownloadAllServiceHandler: DownloadAllServiceHandler()
eyes.blue.MediaControllerView: android.view.ViewGroup getControllerView()
eyes.blue.modified.MyListView: int getFadeColor()
eyes.blue.MediaControllerView: void setAnchorView(android.view.ViewGroup)
eyes.blue.IntentActivity: IntentActivity()
eyes.blue.SpeechMenuActivity
eyes.blue.modified.MyListView: void setTextSize(float)
eyes.blue.modified.MyListView: void setFadeColor(int)
eyes.blue.modified.MyListView: void setScaleGestureDetector(android.view.ScaleGestureDetector)
eyes.blue.modified.RegionableSeekBar
eyes.blue.modified.MyHorizontalScrollView: MyHorizontalScrollView(android.content.Context)
eyes.blue.MediaControllerView
eyes.blue.modified.MyListView: float getTextSize()
eyes.blue.TheoryPageView: void setTextSize(float)
eyes.blue.MediaControllerView: void setMediaPlayer(eyes.blue.MediaControllerView$MediaPlayerControl)
eyes.blue.modified.MyListView: int getSolidColor()
eyes.blue.MediaControllerView: void setShowLongTerm(boolean)
eyes.blue.MediaControllerView: void setOnRegionListener(android.view.View$OnClickListener)
eyes.blue.StorageManageActivity: StorageManageActivity()
eyes.blue.DownloadAllServiceHandler
eyes.blue.MediaPlayerController$RemoteControlReceiver
eyes.blue.AboutActivity: AboutActivity()
eyes.blue.MediaPlayerController$RemoteControlReceiver: MediaPlayerController$RemoteControlReceiver()
eyes.blue.MediaControllerView: eyes.blue.modified.RegionableSeekBar getSeekBar()
eyes.blue.modified.MyListView: MyListView(android.content.Context,android.util.AttributeSet)
eyes.blue.modified.MyListView: MyListView(android.content.Context)
eyes.blue.ChangeLog$Listmode: eyes.blue.ChangeLog$Listmode valueOf(java.lang.String)
...
com.google.android.material.R$attr: int chipMinHeight
com.google.android.material.R$style: int Widget_AppCompat_PopupMenu_Overflow
com.google.android.material.R$attr: int colorBackgroundFloating
com.google.android.material.R$style: int Theme_MaterialComponents_Light_DarkActionBar
androidx.appcompat.R$attr: int showText
androidx.appcompat.R$style: int Base_V7_ThemeOverlay_AppCompat_Dialog
com.google.android.material.R$id: int topPanel
androidx.appcompat.R$styleable: int AppCompatTheme_tooltipForegroundColor
com.google.android.material.R$styleable: int MaterialCardView_strokeWidth
com.google.android.material.R$styleable: int NavigationView_itemIconPadding
com.codekidlabs.storagechooser.R$style: int CardView
com.google.firebase.provider.FirebaseInitProvider: FirebaseInitProvider()
com.google.android.gms.common.GooglePlayServicesUtilLight: java.lang.String getErrorString(int)
com.google.android.material.R$styleable: int FontFamilyFont_ttcIndex
com.google.android.material.R$styleable: int FloatingActionButton_backgroundTint
androidx.appcompat.widget.AppCompatTextView: int getLastBaselineToBottomHeight()
androidx.appcompat.R$attr: int progressBarStyle
androidx.appcompat.R$attr: int subtitle
androidx.appcompat.R$attr: int drawableEndCompat
androidx.appcompat.R$style: int Base_AlertDialog_AppCompat_Light
com.codekidlabs.storagechooser.R$color: int background_floating_material_light
com.google.android.material.R$style: int Base_Widget_AppCompat_ListView_Menu
com.google.android.material.R$styleable: int TextInputLayout_counterEnabled
androidx.coordinatorlayout.R$attr: int layout_insetEdge
androidx.appcompat.R$style: int Widget_AppCompat_Light_SearchView
com.google.android.material.R$id: int search_voice_btn
com.codekidlabs.storagechooser.R$style: int Base_Widget_AppCompat_Light_ActionBar_TabText
androidx.appcompat.R$string: int abc_menu_delete_shortcut_label
com.google.android.material.R$attr: int windowMinWidthMajor
androidx.transition.R$id: int text2
com.google.android.material.R$styleable: int AppCompatTextView_drawableEndCompat
com.google.android.material.circularreveal.CircularRevealFrameLayout: void setRevealInfo(com.google.android.material.circularreveal.CircularRevealWidget$RevealInfo)
androidx.appcompat.R$style: int TextAppearance_AppCompat_Light_SearchResult_Title
androidx.core.R$id: int chronometer
com.codekidlabs.storagechooser.R$id: int new_folder_iv
androidx.appcompat.R$styleable: int MenuItem_android_icon
com.google.android.material.R$styleable: int TextInputLayout_helperText
com.google.android.material.R$style: int Base_Widget_Design_TabLayout
com.google.android.material.R$styleable: int AppCompatSeekBar_tickMarkTintMode
com.google.android.gms.internal.measurement.zzbw$zze: java.lang.String zzd
androidx.appcompat.R$color: int material_grey_800
com.google.android.gms.internal.measurement.zzbw$zzb: int zzc
androidx.appcompat.R$styleable: int SearchView_searchHintIcon
com.google.android.material.R$id: int actions
com.google.android.material.R$styleable: int Toolbar_titleMarginStart
com.google.android.material.R$styleable: int Chip_android_ellipsize
androidx.appcompat.R$styleable: int AnimatedStateListDrawableCompat_android_exitFadeDuration
com.google.android.material.R$style: int Base_V21_Theme_AppCompat_Light
com.google.android.material.transformation.FabTransformationBehavior: FabTransformationBehavior()
com.google.android.material.R$style: int Widget_AppCompat_ListPopupWindow
androidx.appcompat.R$id: int uniform
com.codekidlabs.storagechooser.R$style: int Base_V22_Theme_AppCompat
com.google.android.material.R$styleable: int AppCompatTheme_colorAccent
androidx.appcompat.R$styleable: int AlertDialog_listItemLayout
com.google.android.material.R$attr: int chipStandaloneStyle
com.google.android.material.R$id: int add
com.google.android.material.R$style: int Widget_AppCompat_ButtonBar
afzkl.development.colorpickerview.view.ColorPanelView: int getColor()
com.google.android.material.R$style: int Base_Theme_AppCompat_Dialog