app/unused.txt
eyes.blue.FileSysManager:
    public void <init>(android.app.Service)
    public void setDownloadListener(eyes.blue.DownloadListener)
    public java.io.File getLocalMediaFileSavePath(int)
    public java.io.File getLocalSubtitleFileSavePath(int)
    public java.io.File[] getMediaFileList(int)
    public boolean moveAllMediaFileToUserSpecifyDir(java.io.File,android.app.ProgressDialog)
    public java.io.File getLocalTheoryFile(int)
    public long getTotalMemory(int)
    public int getGlobalUsage(int)
    public void setDiskSpaceFullListener(eyes.blue.FileSysManager$DiskSpaceFullListener)
    public static final int INTERNAL
    public static final int EXTERNAL
    static final int MEDIA_FILE
    static final int SUBTITLE_FILE
    static final int THEORY_FILE
eyes.blue.modified.MyListView:
    public void clearHighlightWord()
    public static final int TO_START
    public static final int TO_END
eyes.blue.R$layout
eyes.blue.StorageManageActivity$15
eyes.blue.Util$Executer
eyes.blue.StorageManageActivity$13$1
eyes.blue.R$array
eyes.blue.R$xml
eyes.blue.R$styleable
eyes.blue.MoveFileService:
    public void <init>(java.lang.String)
    private void removeNotification()
    public static final java.lang.String NOTIFICATION
eyes.blue.BookMap:
    void <init>()
    public static final int MEDIA
    public static final int SUBTITLE
    public static final int PAGE
    public static final int LINE
    public static final int WORD
    public static final int LENGTH
eyes.blue.ChangeLog:
    public java.lang.String getLastVersion()
    public java.lang.String getThisVersion()
    public java.lang.String getLog()
    public java.lang.String getFullLog()
    public void dontuseSetLastVersion(java.lang.String)
    private static final java.lang.String VERSION_KEY
    private static final java.lang.String NO_VERSION
    private static final java.lang.String EOCL
    private static final java.lang.String TAG
eyes.blue.TheoryPageView:
    int bgColor
    static final boolean debug
eyes.blue.modified.RegionableSeekBar:
    public void setRegionMode(int,int,int)
eyes.blue.MediaControllerView$MediaPlayerControl:
    public abstract boolean isRegionPlay()
eyes.blue.MediaPlayerController$SubtitleTimer:
    public void cancel()
eyes.blue.SpeechData:
    public void <init>()
eyes.blue.R$interpolator
eyes.blue.LamrimReaderActivity:
    public static android.graphics.Point getScreenDim()
    private void highlightView(android.view.View)
    public synchronized boolean isActivityLoaded()
    android.view.MenuItem rootMenuItem
    android.view.MenuItem options
    android.view.MenuItem speechMenu
    android.view.MenuItem globalLamrim
    android.view.MenuItem setRegion
    android.view.MenuItem playRegionRec
    android.view.MenuItem swRenderMode
    android.view.MenuItem prjWeb
    android.view.MenuItem exitApp
    private static final long serialVersionUID
    static final java.lang.String funcInto
    static final java.lang.String funcLeave
    static final int STORAGE_ACCESS_PERMISSION_REQUEST
    static final int SPEECH_MENU_RESULT
    static final int THEORY_MENU_RESULT
    static final int SPEECH_MENU_RESULT_REGION
    static final int GLOBAL_LAMRIM_RESULT
    static final int SELECT_FG_PIC_RESULT
    static final int SUBTITLE_MODE
    static final int READING_MODE
    static final int SPEECH_PLAY_MODE
    static final int REGION_PLAY_MODE
    static final int GL_PLAY_MODE
eyes.blue.R$id
eyes.blue.R$color
eyes.blue.TheoryData:
    public void <init>()
eyes.blue.DownloadAllService:
    public void <init>(java.lang.String)
    public static final java.lang.String NOTIFICATION
eyes.blue.R$bool
eyes.blue.BuildConfig
eyes.blue.StorageManageActivity$14$1
eyes.blue.FileSysManager$DiskSpaceFullListener:
    void <init>(eyes.blue.FileSysManager)
    public void diskSpaceFull()
    final synthetic eyes.blue.FileSysManager this$0
eyes.blue.R$mipmap
eyes.blue.R$animator
...
androidx.transition.ViewGroupUtilsApi18
androidx.appcompat.widget.AppCompatSpinner$DropdownPopup:
    public boolean isVisibleToUser(android.view.View)
    public int getHorizontalOriginalOffset()
com.google.firebase.crashlytics.internal.common.SessionReportingCoordinator$$Lambda$1:
    public static com.google.android.gms.tasks.Continuation lambdaFactory$(com.google.firebase.crashlytics.internal.common.SessionReportingCoordinator)
androidx.appcompat.app.WindowDecorActionBar:
    public static boolean checkShowingFlags(boolean,boolean,boolean)
    public void setElevation(float)
    public void completeDeferredDestroyActionMode()
    public void onWindowVisibilityChanged(int)
    public void setDisplayHomeAsUpEnabled(boolean)
    public void setHomeButtonEnabled(boolean)
    public int getNavigationMode()
    public void enableContentAnimations(boolean)
    public void showForSystem()
    public void hideForSystem()
    public void setHideOnContentScrollEnabled(boolean)
    public void doShow(boolean)
    public void doHide(boolean)
    public void onContentScrollStarted()
    public void onContentScrollStopped()
    public final androidx.appcompat.widget.DecorToolbar getDecorToolbar(android.view.View)
    public final void showForActionMode()
    public final void hideForActionMode()
    public final boolean shouldAnimateContextView()
    public android.app.Activity mActivity
    public android.app.Dialog mDialog
    public androidx.appcompat.widget.ScrollingTabContainerView mTabScrollView
    public java.util.ArrayList mTabs
    public int mSavedTabPosition
    public static final synthetic boolean $assertionsDisabled
com.google.firebase.crashlytics.internal.model.AutoValue_CrashlyticsReport_Session_Event_Log:
    public void <init>(java.lang.String)
    public java.lang.String getContent()
androidx.lifecycle.ClassesInfoCache$MethodReference:
    public void invokeCallback(androidx.lifecycle.LifecycleOwner,androidx.lifecycle.Lifecycle$Event,java.lang.Object)
com.google.android.material.ripple.RippleUtils:
    public static int doubleAlpha(int)
androidx.core.view.ViewCompat$UnhandledKeyEventManager:
    public boolean dispatch(android.view.View,android.view.KeyEvent)
    public boolean preDispatch(android.view.KeyEvent)
    public final android.util.SparseArray getCapturedKeys()
okhttp3.internal.http2.Hpack$Writer:
    public void <init>(int,boolean,okio.Buffer)
    public void setHeaderTableSizeSetting(int)
    public final void adjustDynamicTableByteCount()
    public int headerTableSizeSetting
com.google.firebase.crashlytics.internal.common.ResponseParser
com.google.android.datatransport.runtime.backends.MetadataBackendRegistry:
    public void <init>(com.google.android.datatransport.runtime.backends.MetadataBackendRegistry$BackendFactoryProvider,com.google.android.datatransport.runtime.backends.CreationContextFactory)
androidx.appcompat.widget.AppCompatToggleButton:
    public void <init>(android.content.Context,android.util.AttributeSet,int)
com.google.android.gms.internal.measurement.zzds:
    public abstract com.google.android.gms.internal.measurement.zzds zza(byte[],int,int)
    public abstract com.google.android.gms.internal.measurement.zzds zza(byte[],int,int,com.google.android.gms.internal.measurement.zzev)
    public abstract com.google.android.gms.internal.measurement.zzds zza(com.google.android.gms.internal.measurement.zzdq)
    public synthetic abstract java.lang.Object clone()
    public final synthetic com.google.android.gms.internal.measurement.zzgs zza(com.google.android.gms.internal.measurement.zzgt)
    public final synthetic com.google.android.gms.internal.measurement.zzgs zza(byte[],com.google.android.gms.internal.measurement.zzev)
    public final synthetic com.google.android.gms.internal.measurement.zzgs zza(byte[])
com.crashlytics.android.core.CrashPromptDialog$OptInLatch:
    public void <init>()
    public boolean getOptIn()
    public void await()